KEVINs-MacBook-Pro-2:genome_assemblies ksb$ mkdir polishing
KEVINs-MacBook-Pro-2:genome_assemblies ksb$ cd polishing/
KEVINs-MacBook-Pro-2:polishing ksb$ mkdir jb418
KEVINs-MacBook-Pro-2:polishing ksb$ cd 418
-bash: cd: 418: No such file or directory
KEVINs-MacBook-Pro-2:polishing ksb$ cd jb418
KEVINs-MacBook-Pro-2:jb418 ksb$ bowtie2-build ../../runs/jb418-auto/jb418.contigs.fasta jb418
Settings:
  Output files: "jb418.*.bt2"
  Line rate: 6 (line is 64 bytes)
  Lines per side: 1 (side is 64 bytes)
  Offset rate: 4 (one in 16)
  FTable chars: 10
  Strings: unpacked
  Max bucket size: default
  Max bucket size, sqrt multiplier: default
  Max bucket size, len divisor: 4
  Difference-cover sample period: 1024
  Endianness: little
  Actual local endianness: little
  Sanity checking: disabled
  Assertions: disabled
  Random seed: 0
  Sizeofs: void*:8, int:4, long:8, size_t:8
Input files DNA, FASTA:
  ../../runs/jb418-auto/jb418.contigs.fasta
Building a SMALL index
Reading reference sizes
  Time reading reference sizes: 00:00:00
Calculating joined length
Writing header
Reserving space for joined string
Joining reference sequences
  Time to join reference sequences: 00:00:00
bmax according to bmaxDivN setting: 1489820
Using parameters --bmax 1117365 --dcv 1024
  Doing ahead-of-time memory usage test
  Passed!  Constructing with these parameters: --bmax 1117365 --dcv 1024
Constructing suffix-array element generator
Building DifferenceCoverSample
  Building sPrime
  Building sPrimeOrder
  V-Sorting samples
  V-Sorting samples time: 00:00:00
  Allocating rank array
  Ranking v-sort output
  Ranking v-sort output time: 00:00:00
  Invoking Larsson-Sadakane on ranks
  Invoking Larsson-Sadakane on ranks time: 00:00:00
  Sanity-checking and returning
Building samples
Reserving space for 12 sample suffixes
Generating random suffixes
QSorting 12 sample offsets, eliminating duplicates
QSorting sample offsets, eliminating duplicates time: 00:00:00
Multikey QSorting 12 samples
  (Using difference cover)
  Multikey QSorting samples time: 00:00:00
Calculating bucket sizes
Splitting and merging
  Splitting and merging time: 00:00:00
Avg bucket size: 5.95928e+06 (target: 1117364)
Converting suffix-array elements to index image
Allocating ftab, absorbFtab
Entering Ebwt loop
Getting block 1 of 1
  No samples; assembling all-inclusive block
  Sorting block of length 5959283 for bucket 1
  (Using difference cover)
  Sorting block time: 00:00:01
Returning block of 5959284 for bucket 1
Exited Ebwt loop
fchr[A]: 0
fchr[C]: 1271503
fchr[G]: 2983516
fchr[T]: 4691213
fchr[$]: 5959283
Exiting Ebwt::buildToDisk()
Returning from initFromVector
Wrote 6181654 bytes to primary EBWT file: jb418.1.bt2
Wrote 1489828 bytes to secondary EBWT file: jb418.2.bt2
Re-opening _in1 and _in2 as input streams
Returning from Ebwt constructor
Headers:
    len: 5959283
    bwtLen: 5959284
    sz: 1489821
    bwtSz: 1489821
    lineRate: 6
    offRate: 4
    offMask: 0xfffffff0
    ftabChars: 10
    eftabLen: 20
    eftabSz: 80
    ftabLen: 1048577
    ftabSz: 4194308
    offsLen: 372456
    offsSz: 1489824
    lineSz: 64
    sideSz: 64
    sideBwtSz: 48
    sideBwtLen: 192
    numSides: 31038
    numLines: 31038
    ebwtTotLen: 1986432
    ebwtTotSz: 1986432
    color: 0
    reverse: 0
Total time for call to driver() for forward index: 00:00:02
Reading reference sizes
  Time reading reference sizes: 00:00:00
Calculating joined length
Writing header
Reserving space for joined string
Joining reference sequences
  Time to join reference sequences: 00:00:01
  Time to reverse reference sequence: 00:00:00
bmax according to bmaxDivN setting: 1489820
Using parameters --bmax 1117365 --dcv 1024
  Doing ahead-of-time memory usage test
  Passed!  Constructing with these parameters: --bmax 1117365 --dcv 1024
Constructing suffix-array element generator
Building DifferenceCoverSample
  Building sPrime
  Building sPrimeOrder
  V-Sorting samples
  V-Sorting samples time: 00:00:00
  Allocating rank array
  Ranking v-sort output
  Ranking v-sort output time: 00:00:00
  Invoking Larsson-Sadakane on ranks
  Invoking Larsson-Sadakane on ranks time: 00:00:00
  Sanity-checking and returning
Building samples
Reserving space for 12 sample suffixes
Generating random suffixes
QSorting 12 sample offsets, eliminating duplicates
QSorting sample offsets, eliminating duplicates time: 00:00:00
Multikey QSorting 12 samples
  (Using difference cover)
  Multikey QSorting samples time: 00:00:00
Calculating bucket sizes
Splitting and merging
  Splitting and merging time: 00:00:00
Avg bucket size: 5.95928e+06 (target: 1117364)
Converting suffix-array elements to index image
Allocating ftab, absorbFtab
Entering Ebwt loop
Getting block 1 of 1
  No samples; assembling all-inclusive block
  Sorting block of length 5959283 for bucket 1
  (Using difference cover)
  Sorting block time: 00:00:01
Returning block of 5959284 for bucket 1
Exited Ebwt loop
fchr[A]: 0
fchr[C]: 1271503
fchr[G]: 2983516
fchr[T]: 4691213
fchr[$]: 5959283
Exiting Ebwt::buildToDisk()
Returning from initFromVector
Wrote 6181654 bytes to primary EBWT file: jb418.rev.1.bt2
Wrote 1489828 bytes to secondary EBWT file: jb418.rev.2.bt2
Re-opening _in1 and _in2 as input streams
Returning from Ebwt constructor
Headers:
    len: 5959283
    bwtLen: 5959284
    sz: 1489821
    bwtSz: 1489821
    lineRate: 6
    offRate: 4
    offMask: 0xfffffff0
    ftabChars: 10
    eftabLen: 20
    eftabSz: 80
    ftabLen: 1048577
    ftabSz: 4194308
    offsLen: 372456
    offsSz: 1489824
    lineSz: 64
    sideSz: 64
    sideBwtSz: 48
    sideBwtLen: 192
    numSides: 31038
    numLines: 31038
    ebwtTotLen: 1986432
    ebwtTotSz: 1986432
    color: 0
    reverse: 1
Total time for backward call to driver() for mirror index: 00:00:02
KEVINs-MacBook-Pro-2:jb418 ksb$ 
